<?xml version="1.0" encoding="UTF-8"?>
<testng-results skipped="0" failed="0" ignored="0" total="1" passed="1">
  <reporter-output>
  </reporter-output>
  <suite name="Default suite" duration-ms="154748" started-at="2018-06-10T18:18:49Z" finished-at="2018-06-10T18:21:24Z">
    <groups>
    </groups>
    <test name="Default test" duration-ms="154748" started-at="2018-06-10T18:18:49Z" finished-at="2018-06-10T18:21:24Z">
      <class name="com.test.automation.uiAutomation.login.loginTest">
        <test-method status="PASS" signature="setup()[pri:0, instance:com.test.automation.uiAutomation.login.loginTest@5cb9f472]" name="setup" is-config="true" duration-ms="16500" started-at="2018-06-10T18:18:49Z" finished-at="2018-06-10T18:19:05Z">
          <reporter-output>
          </reporter-output>
        </test-method> <!-- setup -->
        <test-method status="PASS" signature="verifylogin(java.lang.String, java.lang.String, java.lang.String)[pri:0, instance:com.test.automation.uiAutomation.login.loginTest@5cb9f472]" name="verifylogin" duration-ms="135655" started-at="2018-06-10T18:19:07Z" data-provider="loginValidData" finished-at="2018-06-10T18:21:23Z">
          <params>
            <param index="0">
              <value>
                <![CDATA[14deepak07@gmail.com]]>
              </value>
            </param>
            <param index="1">
              <value>
                <![CDATA[qwerty]]>
              </value>
            </param>
            <param index="2">
              <value>
                <![CDATA[Y]]>
              </value>
            </param>
          </params>
          <reporter-output>
          </reporter-output>
        </test-method> <!-- verifylogin -->
        <test-method status="PASS" signature="close()[pri:0, instance:com.test.automation.uiAutomation.login.loginTest@5cb9f472]" name="close" is-config="true" duration-ms="789" started-at="2018-06-10T18:21:23Z" finished-at="2018-06-10T18:21:24Z">
          <reporter-output>
          </reporter-output>
        </test-method> <!-- close -->
      </class> <!-- com.test.automation.uiAutomation.login.loginTest -->
    </test> <!-- Default test -->
  </suite> <!-- Default suite -->
</testng-results>
